d:\developpement\libs\bleachuicpp\bleachui\coremodel\x64\debug\baseentity.obj
d:\developpement\libs\bleachuicpp\bleachui\coremodel\x64\debug\slot.obj
d:\developpement\libs\bleachuicpp\bleachui\coremodel\x64\debug\project.obj
d:\developpement\libs\bleachuicpp\bleachui\coremodel\x64\debug\environment.obj
d:\developpement\libs\bleachuicpp\bleachui\coremodel\x64\debug\graph.obj
d:\developpement\libs\bleachuicpp\bleachui\coremodel\x64\debug\message.obj
d:\developpement\libs\bleachuicpp\bleachui\coremodel\x64\debug\edge.obj
d:\developpement\libs\bleachuicpp\bleachui\coremodel\x64\debug\node.obj
d:\developpement\libs\bleachuicpp\bleachui\coremodel\x64\debug\vc142.pdb
d:\developpement\libs\bleachuicpp\bleachui\coremodel\x64\debug\moc_slot.obj
d:\developpement\libs\bleachuicpp\bleachui\coremodel\x64\debug\moc_edge.obj
d:\developpement\libs\bleachuicpp\bleachui\coremodel\x64\debug\moc_baseentity.obj
d:\developpement\libs\bleachuicpp\bleachui\coremodel\x64\debug\moc_node.obj
d:\developpement\libs\bleachuicpp\bleachui\coremodel\x64\debug\moc_graph.obj
d:\developpement\libs\bleachuicpp\bleachui\coremodel\x64\debug\moc\moc_baseentity.cpp
d:\developpement\libs\bleachuicpp\bleachui\coremodel\x64\debug\moc\moc_slot.cpp
d:\developpement\libs\bleachuicpp\bleachui\coremodel\x64\debug\moc\moc_node.cpp
d:\developpement\libs\bleachuicpp\bleachui\coremodel\x64\debug\moc\moc_graph.cpp
d:\developpement\libs\bleachuicpp\bleachui\coremodel\x64\debug\moc\moc_edge.cpp
d:\developpement\libs\bleachuicpp\bleachui\x64\debug\coremodel.lib
d:\developpement\libs\bleachuicpp\bleachui\x64\debug\coremodel.exp
d:\developpement\libs\bleachuicpp\bleachui\x64\debug\coremodel.dll
d:\developpement\libs\bleachuicpp\bleachui\x64\debug\coremodel.ilk
d:\developpement\libs\bleachuicpp\bleachui\x64\debug\coremodel.pdb
d:\developpement\libs\bleachuicpp\bleachui\coremodel\x64\debug\coremodel.tlog\cl.command.1.tlog
d:\developpement\libs\bleachuicpp\bleachui\coremodel\x64\debug\coremodel.tlog\cl.read.1.tlog
d:\developpement\libs\bleachuicpp\bleachui\coremodel\x64\debug\coremodel.tlog\cl.write.1.tlog
d:\developpement\libs\bleachuicpp\bleachui\coremodel\x64\debug\coremodel.tlog\coremodel.write.1u.tlog
d:\developpement\libs\bleachuicpp\bleachui\coremodel\x64\debug\coremodel.tlog\link.command.1.tlog
d:\developpement\libs\bleachuicpp\bleachui\coremodel\x64\debug\coremodel.tlog\link.read.1.tlog
d:\developpement\libs\bleachuicpp\bleachui\coremodel\x64\debug\coremodel.tlog\link.write.1.tlog
d:\developpement\libs\bleachuicpp\bleachui\coremodel\x64\debug\coremodel.tlog\moc.read.1u.tlog
d:\developpement\libs\bleachuicpp\bleachui\coremodel\x64\debug\coremodel.tlog\moc.write.1u.tlog
