  MainWindow.cpp
  ScenariosWidget.cpp
  AssertionNode.cpp
  DelayNode.cpp
  EndpointNode.cpp
  ModifierNode.cpp
  PayloadNode.cpp
  ScriptNode.cpp
  ViewerNode.cpp
  main.cpp
  ConnectionEdge.cpp
  Edge.cpp
  InteractionsHandler.cpp
  Node.cpp
  SceneGraph.cpp
  SceneGraphWidget.cpp
  Slot.cpp
  moc_Edge.cpp
  moc_EndpointNode.cpp
  moc_MainWindow.cpp
  moc_Node.cpp
  moc_ScenariosWidget.cpp
  moc_Slot.cpp
  BleachUI.vcxproj -> D:\developpement\libs\BleachUICpp\BleachUI\x64\Release\CoreView.exe
