d:\developpement\libs\bleachuicpp\bleachui\coreview\x64\release\viewernode.obj
d:\developpement\libs\bleachuicpp\bleachui\coreview\x64\release\scenegraph.obj
d:\developpement\libs\bleachuicpp\bleachui\coreview\x64\release\scenarioswidget.obj
d:\developpement\libs\bleachuicpp\bleachui\coreview\x64\release\scriptnode.obj
d:\developpement\libs\bleachuicpp\bleachui\coreview\x64\release\scenegraphwidget.obj
d:\developpement\libs\bleachuicpp\bleachui\coreview\x64\release\delaynode.obj
d:\developpement\libs\bleachuicpp\bleachui\coreview\x64\release\node.obj
d:\developpement\libs\bleachuicpp\bleachui\coreview\x64\release\modifiernode.obj
d:\developpement\libs\bleachuicpp\bleachui\coreview\x64\release\slot.obj
d:\developpement\libs\bleachuicpp\bleachui\coreview\x64\release\assertionnode.obj
d:\developpement\libs\bleachuicpp\bleachui\coreview\x64\release\edge.obj
d:\developpement\libs\bleachuicpp\bleachui\coreview\x64\release\endpointnode.obj
d:\developpement\libs\bleachuicpp\bleachui\coreview\x64\release\main.obj
d:\developpement\libs\bleachuicpp\bleachui\coreview\x64\release\payloadnode.obj
d:\developpement\libs\bleachuicpp\bleachui\coreview\x64\release\mainwindow.obj
d:\developpement\libs\bleachuicpp\bleachui\coreview\x64\release\moc_mainwindow.obj
d:\developpement\libs\bleachuicpp\bleachui\coreview\x64\release\moc_actiongroup.obj
d:\developpement\libs\bleachuicpp\bleachui\coreview\x64\release\moc_edge.obj
d:\developpement\libs\bleachuicpp\bleachui\coreview\x64\release\qrc_bleachui.obj
d:\developpement\libs\bleachuicpp\bleachui\coreview\x64\release\moc_scenarioswidget.obj
d:\developpement\libs\bleachuicpp\bleachui\coreview\x64\release\moc_actiontoolbar.obj
d:\developpement\libs\bleachuicpp\bleachui\coreview\x64\release\moc_slot.obj
d:\developpement\libs\bleachuicpp\bleachui\coreview\x64\release\moc_environmentswidget.obj
d:\developpement\libs\bleachuicpp\bleachui\coreview\x64\release\moc_node.obj
d:\developpement\libs\bleachuicpp\bleachui\coreview\x64\release\moc_endpointnode.obj
d:\developpement\libs\bleachuicpp\bleachui\coreview\x64\release\moc_actionpage.obj
d:\developpement\libs\bleachuicpp\bleachui\coreview\x64\release\moc_contentwidget.obj
d:\developpement\libs\bleachuicpp\bleachui\coreview\x64\release\moc_inventorywidget.obj
d:\developpement\libs\bleachuicpp\bleachui\coreview\x64\release\environmentswidget.obj
d:\developpement\libs\bleachuicpp\bleachui\coreview\x64\release\actiongroup.obj
d:\developpement\libs\bleachuicpp\bleachui\coreview\x64\release\actionitem.obj
d:\developpement\libs\bleachuicpp\bleachui\coreview\x64\release\connectionedge.obj
d:\developpement\libs\bleachuicpp\bleachui\coreview\x64\release\inventorywidget.obj
d:\developpement\libs\bleachuicpp\bleachui\coreview\x64\release\persistencehandler.obj
d:\developpement\libs\bleachuicpp\bleachui\coreview\x64\release\contentwidget.obj
d:\developpement\libs\bleachuicpp\bleachui\coreview\x64\release\actionpage.obj
d:\developpement\libs\bleachuicpp\bleachui\coreview\x64\release\actiontoolbar.obj
d:\developpement\libs\bleachuicpp\bleachui\coreview\x64\release\customproxywidget.obj
d:\developpement\libs\bleachuicpp\bleachui\coreview\x64\release\interactionshandler.obj
d:\developpement\libs\bleachuicpp\bleachui\coreview\x64\release\moc_delaynode.obj
d:\developpement\libs\bleachuicpp\bleachui\coreview\x64\release\moc_payloadnode.obj
d:\developpement\libs\bleachuicpp\bleachui\coreview\x64\release\uic\ui_environmentswidget.h
d:\developpement\libs\bleachuicpp\bleachui\coreview\x64\release\uic\ui_inventorywidget.h
d:\developpement\libs\bleachuicpp\bleachui\coreview\x64\release\uic\ui_scenarioswidget.h
d:\developpement\libs\bleachuicpp\bleachui\coreview\x64\release\uic\ui_actiongroup.h
d:\developpement\libs\bleachuicpp\bleachui\coreview\x64\release\uic\ui_actionpage.h
d:\developpement\libs\bleachuicpp\bleachui\coreview\x64\release\uic\ui_mainwindow.h
d:\developpement\libs\bleachuicpp\bleachui\coreview\x64\release\uic\ui_delaynodeui.h
d:\developpement\libs\bleachuicpp\bleachui\coreview\x64\release\uic\ui_endpointnodeui.h
d:\developpement\libs\bleachuicpp\bleachui\coreview\x64\release\uic\ui_modifiernodeui.h
d:\developpement\libs\bleachuicpp\bleachui\coreview\x64\release\uic\ui_payloadnodeui.h
d:\developpement\libs\bleachuicpp\bleachui\coreview\x64\release\uic\ui_viewernodeui.h
d:\developpement\libs\bleachuicpp\bleachui\coreview\x64\release\uic\ui_nodecontentwidget.h
d:\developpement\libs\bleachuicpp\bleachui\coreview\x64\release\rcc\qrc_bleachui.cpp
d:\developpement\libs\bleachuicpp\bleachui\coreview\x64\release\moc\moc_mainwindow.cpp
d:\developpement\libs\bleachuicpp\bleachui\coreview\x64\release\moc\moc_endpointnode.cpp
d:\developpement\libs\bleachuicpp\bleachui\coreview\x64\release\moc\moc_environmentswidget.cpp
d:\developpement\libs\bleachuicpp\bleachui\coreview\x64\release\moc\moc_actiongroup.cpp
d:\developpement\libs\bleachuicpp\bleachui\coreview\x64\release\moc\moc_actionpage.cpp
d:\developpement\libs\bleachuicpp\bleachui\coreview\x64\release\moc\moc_actiontoolbar.cpp
d:\developpement\libs\bleachuicpp\bleachui\coreview\x64\release\moc\moc_inventorywidget.cpp
d:\developpement\libs\bleachuicpp\bleachui\coreview\x64\release\moc\moc_scenarioswidget.cpp
d:\developpement\libs\bleachuicpp\bleachui\coreview\x64\release\moc\moc_contentwidget.cpp
d:\developpement\libs\bleachuicpp\bleachui\coreview\x64\release\moc\moc_edge.cpp
d:\developpement\libs\bleachuicpp\bleachui\coreview\x64\release\moc\moc_slot.cpp
d:\developpement\libs\bleachuicpp\bleachui\coreview\x64\release\moc\moc_node.cpp
d:\developpement\libs\bleachuicpp\bleachui\coreview\x64\release\moc\moc_delaynode.cpp
d:\developpement\libs\bleachuicpp\bleachui\coreview\x64\release\moc\moc_payloadnode.cpp
d:\developpement\libs\bleachuicpp\bleachui\x64\release\coreview.exe
d:\developpement\libs\bleachuicpp\bleachui\x64\release\coreview.ilk
d:\developpement\libs\bleachuicpp\bleachui\x64\release\coreview.pdb
d:\developpement\libs\bleachuicpp\bleachui\coreview\x64\release\bleachui.res
d:\developpement\libs\bleachuicpp\bleachui\coreview\x64\release\coreview.tlog\cl.command.1.tlog
d:\developpement\libs\bleachuicpp\bleachui\coreview\x64\release\coreview.tlog\cl.read.1.tlog
d:\developpement\libs\bleachuicpp\bleachui\coreview\x64\release\coreview.tlog\cl.write.1.tlog
d:\developpement\libs\bleachuicpp\bleachui\coreview\x64\release\coreview.tlog\coreview.write.1u.tlog
d:\developpement\libs\bleachuicpp\bleachui\coreview\x64\release\coreview.tlog\link.command.1.tlog
d:\developpement\libs\bleachuicpp\bleachui\coreview\x64\release\coreview.tlog\link.read.1.tlog
d:\developpement\libs\bleachuicpp\bleachui\coreview\x64\release\coreview.tlog\link.write.1.tlog
d:\developpement\libs\bleachuicpp\bleachui\coreview\x64\release\coreview.tlog\moc.read.1u.tlog
d:\developpement\libs\bleachuicpp\bleachui\coreview\x64\release\coreview.tlog\moc.write.1u.tlog
d:\developpement\libs\bleachuicpp\bleachui\coreview\x64\release\coreview.tlog\rc.command.1.tlog
d:\developpement\libs\bleachuicpp\bleachui\coreview\x64\release\coreview.tlog\rc.read.1.tlog
d:\developpement\libs\bleachuicpp\bleachui\coreview\x64\release\coreview.tlog\rc.write.1.tlog
d:\developpement\libs\bleachuicpp\bleachui\coreview\x64\release\coreview.tlog\rcc.read.1u.tlog
d:\developpement\libs\bleachuicpp\bleachui\coreview\x64\release\coreview.tlog\rcc.write.1u.tlog
d:\developpement\libs\bleachuicpp\bleachui\coreview\x64\release\coreview.tlog\uic.read.1u.tlog
d:\developpement\libs\bleachuicpp\bleachui\coreview\x64\release\coreview.tlog\uic.write.1u.tlog
