d:\developpement\libs\bleachuicpp\bleachui\coremodel\x64\release\project.obj
d:\developpement\libs\bleachuicpp\bleachui\coremodel\x64\release\graph.obj
d:\developpement\libs\bleachuicpp\bleachui\coremodel\x64\release\edge.obj
d:\developpement\libs\bleachuicpp\bleachui\coremodel\x64\release\node.obj
d:\developpement\libs\bleachuicpp\bleachui\coremodel\x64\release\baseentity.obj
d:\developpement\libs\bleachuicpp\bleachui\coremodel\x64\release\environment.obj
d:\developpement\libs\bleachuicpp\bleachui\coremodel\x64\release\message.obj
d:\developpement\libs\bleachuicpp\bleachui\coremodel\x64\release\slot.obj
d:\developpement\libs\bleachuicpp\bleachui\coremodel\x64\release\moc_graph.obj
d:\developpement\libs\bleachuicpp\bleachui\coremodel\x64\release\moc_edge.obj
d:\developpement\libs\bleachuicpp\bleachui\coremodel\x64\release\moc_baseentity.obj
d:\developpement\libs\bleachuicpp\bleachui\coremodel\x64\release\moc_node.obj
d:\developpement\libs\bleachuicpp\bleachui\coremodel\x64\release\moc_slot.obj
d:\developpement\libs\bleachuicpp\bleachui\coremodel\x64\release\moc\moc_baseentity.cpp
d:\developpement\libs\bleachuicpp\bleachui\coremodel\x64\release\moc\moc_node.cpp
d:\developpement\libs\bleachuicpp\bleachui\coremodel\x64\release\moc\moc_graph.cpp
d:\developpement\libs\bleachuicpp\bleachui\coremodel\x64\release\moc\moc_edge.cpp
d:\developpement\libs\bleachuicpp\bleachui\coremodel\x64\release\moc\moc_slot.cpp
d:\developpement\libs\bleachuicpp\bleachui\x64\release\coremodel.lib
d:\developpement\libs\bleachuicpp\bleachui\x64\release\coremodel.exp
d:\developpement\libs\bleachuicpp\bleachui\x64\release\coremodel.dll
d:\developpement\libs\bleachuicpp\bleachui\x64\release\coremodel.ilk
d:\developpement\libs\bleachuicpp\bleachui\x64\release\coremodel.pdb
d:\developpement\libs\bleachuicpp\bleachui\coremodel\x64\release\coremodel.tlog\cl.command.1.tlog
d:\developpement\libs\bleachuicpp\bleachui\coremodel\x64\release\coremodel.tlog\cl.read.1.tlog
d:\developpement\libs\bleachuicpp\bleachui\coremodel\x64\release\coremodel.tlog\cl.write.1.tlog
d:\developpement\libs\bleachuicpp\bleachui\coremodel\x64\release\coremodel.tlog\coremodel.write.1u.tlog
d:\developpement\libs\bleachuicpp\bleachui\coremodel\x64\release\coremodel.tlog\link.12404.delete.1.tlog
d:\developpement\libs\bleachuicpp\bleachui\coremodel\x64\release\coremodel.tlog\link.1436.delete.1.tlog
d:\developpement\libs\bleachuicpp\bleachui\coremodel\x64\release\coremodel.tlog\link.17248.delete.1.tlog
d:\developpement\libs\bleachuicpp\bleachui\coremodel\x64\release\coremodel.tlog\link.command.1.tlog
d:\developpement\libs\bleachuicpp\bleachui\coremodel\x64\release\coremodel.tlog\link.read.1.tlog
d:\developpement\libs\bleachuicpp\bleachui\coremodel\x64\release\coremodel.tlog\link.write.1.tlog
d:\developpement\libs\bleachuicpp\bleachui\coremodel\x64\release\coremodel.tlog\moc.read.1u.tlog
d:\developpement\libs\bleachuicpp\bleachui\coremodel\x64\release\coremodel.tlog\moc.write.1u.tlog
