  Reading Qt configuration (D:/Qt/5.15.1/msvc2019_64/bin/qmake)
  moc model\BaseEntity.h
  moc model\Slot.h
  moc model\Node.h
  moc model\Graph.h
  moc model\Edge.h
  BaseEntity.cpp
  Edge.cpp
  Environment.cpp
  Graph.cpp
  Message.cpp
  Node.cpp
  Project.cpp
  Slot.cpp
  moc_BaseEntity.cpp
  moc_Slot.cpp
  moc_Node.cpp
  moc_Graph.cpp
  moc_Edge.cpp
     Creating library D:\developpement\libs\BleachUICpp\BleachUI\x64\Release\CoreModel.lib and object D:\developpement\libs\BleachUICpp\BleachUI\x64\Release\CoreModel.exp
  CoreModel.vcxproj -> D:\developpement\libs\BleachUICpp\BleachUI\x64\Release\CoreModel.dll
