d:\developpement\libs\bleachuicpp\bleachui\coreview\x64\debug\actiongroup.obj
d:\developpement\libs\bleachuicpp\bleachui\coreview\x64\debug\modifiernode.obj
d:\developpement\libs\bleachuicpp\bleachui\coreview\x64\debug\node.obj
d:\developpement\libs\bleachuicpp\bleachui\coreview\x64\debug\actiontoolbar.obj
d:\developpement\libs\bleachuicpp\bleachui\coreview\x64\debug\payloadnode.obj
d:\developpement\libs\bleachuicpp\bleachui\coreview\x64\debug\interactionshandler.obj
d:\developpement\libs\bleachuicpp\bleachui\coreview\x64\debug\inventorywidget.obj
d:\developpement\libs\bleachuicpp\bleachui\coreview\x64\debug\scenarioswidget.obj
d:\developpement\libs\bleachuicpp\bleachui\coreview\x64\debug\customproxywidget.obj
d:\developpement\libs\bleachuicpp\bleachui\coreview\x64\debug\main.obj
d:\developpement\libs\bleachuicpp\bleachui\coreview\x64\debug\delaynode.obj
d:\developpement\libs\bleachuicpp\bleachui\coreview\x64\debug\connectionedge.obj
d:\developpement\libs\bleachuicpp\bleachui\coreview\x64\debug\scenegraph.obj
d:\developpement\libs\bleachuicpp\bleachui\coreview\x64\debug\actionitem.obj
d:\developpement\libs\bleachuicpp\bleachui\coreview\x64\debug\endpointnode.obj
d:\developpement\libs\bleachuicpp\bleachui\coreview\x64\debug\edge.obj
d:\developpement\libs\bleachuicpp\bleachui\coreview\x64\debug\assertionnode.obj
d:\developpement\libs\bleachuicpp\bleachui\coreview\x64\debug\viewernode.obj
d:\developpement\libs\bleachuicpp\bleachui\coreview\x64\debug\scenegraphwidget.obj
d:\developpement\libs\bleachuicpp\bleachui\coreview\x64\debug\actionpage.obj
d:\developpement\libs\bleachuicpp\bleachui\coreview\x64\debug\scriptnode.obj
d:\developpement\libs\bleachuicpp\bleachui\coreview\x64\debug\slot.obj
d:\developpement\libs\bleachuicpp\bleachui\coreview\x64\debug\environmentswidget.obj
d:\developpement\libs\bleachuicpp\bleachui\coreview\x64\debug\persistencehandler.obj
d:\developpement\libs\bleachuicpp\bleachui\coreview\x64\debug\contentwidget.obj
d:\developpement\libs\bleachuicpp\bleachui\coreview\x64\debug\mainwindow.obj
d:\developpement\libs\bleachuicpp\bleachui\coreview\x64\debug\vc142.pdb
d:\developpement\libs\bleachuicpp\bleachui\coreview\x64\debug\moc_actiongroup.obj
d:\developpement\libs\bleachuicpp\bleachui\coreview\x64\debug\moc_contentwidget.obj
d:\developpement\libs\bleachuicpp\bleachui\coreview\x64\debug\moc_actionpage.obj
d:\developpement\libs\bleachuicpp\bleachui\coreview\x64\debug\moc_scenarioswidget.obj
d:\developpement\libs\bleachuicpp\bleachui\coreview\x64\debug\moc_mainwindow.obj
d:\developpement\libs\bleachuicpp\bleachui\coreview\x64\debug\moc_node.obj
d:\developpement\libs\bleachuicpp\bleachui\coreview\x64\debug\moc_endpointnode.obj
d:\developpement\libs\bleachuicpp\bleachui\coreview\x64\debug\moc_inventorywidget.obj
d:\developpement\libs\bleachuicpp\bleachui\coreview\x64\debug\moc_environmentswidget.obj
d:\developpement\libs\bleachuicpp\bleachui\coreview\x64\debug\qrc_bleachui.obj
d:\developpement\libs\bleachuicpp\bleachui\coreview\x64\debug\moc_delaynode.obj
d:\developpement\libs\bleachuicpp\bleachui\coreview\x64\debug\moc_slot.obj
d:\developpement\libs\bleachuicpp\bleachui\coreview\x64\debug\moc_actiontoolbar.obj
d:\developpement\libs\bleachuicpp\bleachui\coreview\x64\debug\moc_edge.obj
d:\developpement\libs\bleachuicpp\bleachui\coreview\x64\debug\moc_payloadnode.obj
d:\developpement\libs\bleachuicpp\bleachui\coreview\x64\debug\uic\ui_environmentswidget.h
d:\developpement\libs\bleachuicpp\bleachui\coreview\x64\debug\uic\ui_inventorywidget.h
d:\developpement\libs\bleachuicpp\bleachui\coreview\x64\debug\uic\ui_scenarioswidget.h
d:\developpement\libs\bleachuicpp\bleachui\coreview\x64\debug\uic\ui_actiongroup.h
d:\developpement\libs\bleachuicpp\bleachui\coreview\x64\debug\uic\ui_actionpage.h
d:\developpement\libs\bleachuicpp\bleachui\coreview\x64\debug\uic\ui_mainwindow.h
d:\developpement\libs\bleachuicpp\bleachui\coreview\x64\debug\uic\ui_delaynodeui.h
d:\developpement\libs\bleachuicpp\bleachui\coreview\x64\debug\uic\ui_endpointnodeui.h
d:\developpement\libs\bleachuicpp\bleachui\coreview\x64\debug\uic\ui_modifiernodeui.h
d:\developpement\libs\bleachuicpp\bleachui\coreview\x64\debug\uic\ui_payloadnodeui.h
d:\developpement\libs\bleachuicpp\bleachui\coreview\x64\debug\uic\ui_viewernodeui.h
d:\developpement\libs\bleachuicpp\bleachui\coreview\x64\debug\uic\ui_nodecontentwidget.h
d:\developpement\libs\bleachuicpp\bleachui\coreview\x64\debug\rcc\qrc_bleachui.cpp
d:\developpement\libs\bleachuicpp\bleachui\coreview\x64\debug\moc\moc_mainwindow.cpp
d:\developpement\libs\bleachuicpp\bleachui\coreview\x64\debug\moc\moc_endpointnode.cpp
d:\developpement\libs\bleachuicpp\bleachui\coreview\x64\debug\moc\moc_environmentswidget.cpp
d:\developpement\libs\bleachuicpp\bleachui\coreview\x64\debug\moc\moc_actiongroup.cpp
d:\developpement\libs\bleachuicpp\bleachui\coreview\x64\debug\moc\moc_actionpage.cpp
d:\developpement\libs\bleachuicpp\bleachui\coreview\x64\debug\moc\moc_actiontoolbar.cpp
d:\developpement\libs\bleachuicpp\bleachui\coreview\x64\debug\moc\moc_inventorywidget.cpp
d:\developpement\libs\bleachuicpp\bleachui\coreview\x64\debug\moc\moc_delaynode.cpp
d:\developpement\libs\bleachuicpp\bleachui\coreview\x64\debug\moc\moc_scenarioswidget.cpp
d:\developpement\libs\bleachuicpp\bleachui\coreview\x64\debug\moc\moc_contentwidget.cpp
d:\developpement\libs\bleachuicpp\bleachui\coreview\x64\debug\moc\moc_edge.cpp
d:\developpement\libs\bleachuicpp\bleachui\coreview\x64\debug\moc\moc_slot.cpp
d:\developpement\libs\bleachuicpp\bleachui\coreview\x64\debug\moc\moc_node.cpp
d:\developpement\libs\bleachuicpp\bleachui\coreview\x64\debug\moc\moc_payloadnode.cpp
d:\developpement\libs\bleachuicpp\bleachui\x64\debug\coreview.exe
d:\developpement\libs\bleachuicpp\bleachui\x64\debug\coreview.ilk
d:\developpement\libs\bleachuicpp\bleachui\x64\debug\coreview.pdb
d:\developpement\libs\bleachuicpp\bleachui\coreview\x64\debug\bleachui.res
d:\developpement\libs\bleachuicpp\bleachui\coreview\x64\debug\coreview.tlog\cl.command.1.tlog
d:\developpement\libs\bleachuicpp\bleachui\coreview\x64\debug\coreview.tlog\cl.read.1.tlog
d:\developpement\libs\bleachuicpp\bleachui\coreview\x64\debug\coreview.tlog\cl.write.1.tlog
d:\developpement\libs\bleachuicpp\bleachui\coreview\x64\debug\coreview.tlog\coreview.write.1u.tlog
d:\developpement\libs\bleachuicpp\bleachui\coreview\x64\debug\coreview.tlog\link.command.1.tlog
d:\developpement\libs\bleachuicpp\bleachui\coreview\x64\debug\coreview.tlog\link.read.1.tlog
d:\developpement\libs\bleachuicpp\bleachui\coreview\x64\debug\coreview.tlog\link.write.1.tlog
d:\developpement\libs\bleachuicpp\bleachui\coreview\x64\debug\coreview.tlog\moc.read.1u.tlog
d:\developpement\libs\bleachuicpp\bleachui\coreview\x64\debug\coreview.tlog\moc.write.1u.tlog
d:\developpement\libs\bleachuicpp\bleachui\coreview\x64\debug\coreview.tlog\rc.command.1.tlog
d:\developpement\libs\bleachuicpp\bleachui\coreview\x64\debug\coreview.tlog\rc.read.1.tlog
d:\developpement\libs\bleachuicpp\bleachui\coreview\x64\debug\coreview.tlog\rc.write.1.tlog
d:\developpement\libs\bleachuicpp\bleachui\coreview\x64\debug\coreview.tlog\rcc.read.1u.tlog
d:\developpement\libs\bleachuicpp\bleachui\coreview\x64\debug\coreview.tlog\rcc.write.1u.tlog
d:\developpement\libs\bleachuicpp\bleachui\coreview\x64\debug\coreview.tlog\uic.read.1u.tlog
d:\developpement\libs\bleachuicpp\bleachui\coreview\x64\debug\coreview.tlog\uic.write.1u.tlog
